<?xml version="1.0" encoding="UTF-8"?>
<!-- Generated by org.testng.reporters.JUnitReportReporter -->
<testsuite hostname="DESKTOP-5U485HB" failures="0" tests="2" name="Tests.googleTest" time="5.492" errors="0" timestamp="2022-03-22T23:33:20 IST" skipped="0">
  <testcase classname="Tests.googleTest" name="launchGoogle" time="2.472"/>
  <testcase classname="Tests.googleTest" name="searchGoogle" time="3.020"/>
</testsuite> <!-- Tests.googleTest -->
